[    0.000000] Linux version 4.15.0-159-generic (buildd@lgw01-amd64-055) (gcc version 7.5.0 (Ubuntu 7.5.0-3ubuntu1~18.04)) #167-Ubuntu SMP Tue Sep 21 08:55:05 UTC 2021 (Ubuntu 4.15.0-159.167-generic 4.15.18)
[    0.000000] Command line: BOOT_IMAGE=/boot/vmlinuz-4.15.0-159-generic root=LABEL=cloudimg-rootfs ro console=tty1 console=ttyS0
[    0.000000] KERNEL supported cpus:
[    0.000000]   Intel GenuineIntel
[    0.000000]   AMD AuthenticAMD
[    0.000000]   Centaur CentaurHauls
[    0.000000] x86/fpu: Supporting XSAVE feature 0x001: 'x87 floating point registers'
[    0.000000] x86/fpu: Supporting XSAVE feature 0x002: 'SSE registers'
[    0.000000] x86/fpu: Supporting XSAVE feature 0x004: 'AVX registers'
[    0.000000] x86/fpu: xstate_offset[2]:  576, xstate_sizes[2]:  256
[    0.000000] x86/fpu: Enabled xstate features 0x7, context size is 832 bytes, using 'standard' format.
[    0.000000] e820: BIOS-provided physical RAM map:
[    0.000000] BIOS-e820: [mem 0x0000000000000000-0x000000000009fbff] usable
[    0.000000] BIOS-e820: [mem 0x000000000009fc00-0x000000000009ffff] reserved
[    0.000000] BIOS-e820: [mem 0x00000000000f0000-0x00000000000fffff] reserved
[    0.000000] BIOS-e820: [mem 0x0000000000100000-0x000000003ffeffff] usable
[    0.000000] BIOS-e820: [mem 0x000000003fff0000-0x000000003fffffff] ACPI data
[    0.000000] BIOS-e820: [mem 0x00000000fec00000-0x00000000fec00fff] reserved
[    0.000000] BIOS-e820: [mem 0x00000000fee00000-0x00000000fee00fff] reserved
[    0.000000] BIOS-e820: [mem 0x00000000fffc0000-0x00000000ffffffff] reserved
[    0.000000] NX (Execute Disable) protection: active
[    0.000000] SMBIOS 2.5 present.
[    0.000000] DMI: innotek GmbH VirtualBox/VirtualBox, BIOS VirtualBox 12/01/2006
[    0.000000] Hypervisor detected: KVM
[    0.000000] e820: last_pfn = 0x3fff0 max_arch_pfn = 0x400000000
[    0.000000] MTRR: Disabled
[    0.000000] x86/PAT: MTRRs disabled, skipping PAT initialization too.
[    0.000000] CPU MTRRs all blank - virtualized system.
[    0.000000] x86/PAT: Configuration [0-7]: WB  WT  UC- UC  WB  WT  UC- UC  
[    0.000000] found SMP MP-table at [mem 0x0009fff0-0x0009ffff]
[    0.000000] Scanning 1 areas for low memory corruption
[    0.000000] RAMDISK: [mem 0x359cb000-0x36cdcfff]
[    0.000000] ACPI: Early table checksum verification disabled
[    0.000000] ACPI: RSDP 0x00000000000E0000 000024 (v02 VBOX  )
[    0.000000] ACPI: XSDT 0x000000003FFF0030 00003C (v01 VBOX   VBOXXSDT 00000001 ASL  00000061)
[    0.000000] ACPI: FACP 0x000000003FFF00F0 0000F4 (v04 VBOX   VBOXFACP 00000001 ASL  00000061)
[    0.000000] ACPI: DSDT 0x000000003FFF0470 002325 (v02 VBOX   VBOXBIOS 00000002 INTL 20190509)
[    0.000000] ACPI: FACS 0x000000003FFF0200 000040
[    0.000000] ACPI: FACS 0x000000003FFF0200 000040
[    0.000000] ACPI: APIC 0x000000003FFF0240 00005C (v02 VBOX   VBOXAPIC 00000001 ASL  00000061)
[    0.000000] ACPI: SSDT 0x000000003FFF02A0 0001CC (v01 VBOX   VBOXCPUT 00000002 INTL 20190509)
[    0.000000] ACPI: Reserving FACP table memory at [mem 0x3fff00f0-0x3fff01e3]
[    0.000000] ACPI: Reserving DSDT table memory at [mem 0x3fff0470-0x3fff2794]
[    0.000000] ACPI: Reserving FACS table memory at [mem 0x3fff0200-0x3fff023f]
[    0.000000] ACPI: Reserving FACS table memory at [mem 0x3fff0200-0x3fff023f]
[    0.000000] ACPI: Reserving APIC table memory at [mem 0x3fff0240-0x3fff029b]
[    0.000000] ACPI: Reserving SSDT table memory at [mem 0x3fff02a0-0x3fff046b]
[    0.000000] No NUMA configuration found
[    0.000000] Faking a node at [mem 0x0000000000000000-0x000000003ffeffff]
[    0.000000] NODE_DATA(0) allocated [mem 0x3ffc5000-0x3ffeffff]
[    0.000000] kvm-clock: cpu 0, msr 0:3ff44001, primary cpu clock
[    0.000000] kvm-clock: Using msrs 4b564d01 and 4b564d00
[    0.000000] kvm-clock: using sched offset of 3410794149 cycles
[    0.000000] clocksource: kvm-clock: mask: 0xffffffffffffffff max_cycles: 0x1cd42e4dffb, max_idle_ns: 881590591483 ns
[    0.000000] Zone ranges:
[    0.000000]   DMA      [mem 0x0000000000001000-0x0000000000ffffff]
[    0.000000]   DMA32    [mem 0x0000000001000000-0x000000003ffeffff]
[    0.000000]   Normal   empty
[    0.000000]   Device   empty
[    0.000000] Movable zone start for each node
[    0.000000] Early memory node ranges
[    0.000000]   node   0: [mem 0x0000000000001000-0x000000000009efff]
[    0.000000]   node   0: [mem 0x0000000000100000-0x000000003ffeffff]
[    0.000000] Reserved but unavailable: 104 pages
[    0.000000] Initmem setup node 0 [mem 0x0000000000001000-0x000000003ffeffff]
[    0.000000] ACPI: PM-Timer IO Port: 0x4008
[    0.000000] IOAPIC[0]: apic_id 2, version 32, address 0xfec00000, GSI 0-23
[    0.000000] ACPI: INT_SRC_OVR (bus 0 bus_irq 0 global_irq 2 dfl dfl)
[    0.000000] ACPI: INT_SRC_OVR (bus 0 bus_irq 9 global_irq 9 low level)
[    0.000000] Using ACPI (MADT) for SMP configuration information
[    0.000000] smpboot: Allowing 2 CPUs, 0 hotplug CPUs
[    0.000000] PM: Registered nosave memory: [mem 0x00000000-0x00000fff]
[    0.000000] PM: Registered nosave memory: [mem 0x0009f000-0x0009ffff]
[    0.000000] PM: Registered nosave memory: [mem 0x000a0000-0x000effff]
[    0.000000] PM: Registered nosave memory: [mem 0x000f0000-0x000fffff]
[    0.000000] e820: [mem 0x40000000-0xfebfffff] available for PCI devices
[    0.000000] Booting paravirtualized kernel on KVM
[    0.000000] clocksource: refined-jiffies: mask: 0xffffffff max_cycles: 0xffffffff, max_idle_ns: 7645519600211568 ns
[    0.000000] random: get_random_bytes called from start_kernel+0x99/0x500 with crng_init=0
[    0.000000] setup_percpu: NR_CPUS:8192 nr_cpumask_bits:2 nr_cpu_ids:2 nr_node_ids:1
[    0.000000] percpu: Embedded 45 pages/cpu s147456 r8192 d28672 u1048576
[    0.000000] PV qspinlock hash table entries: 256 (order: 0, 4096 bytes)
[    0.000000] Built 1 zonelists, mobility grouping on.  Total pages: 257913
[    0.000000] Policy zone: DMA32
[    0.000000] Kernel command line: BOOT_IMAGE=/boot/vmlinuz-4.15.0-159-generic root=LABEL=cloudimg-rootfs ro console=tty1 console=ttyS0
[    0.000000] Memory: 982708K/1048120K available (12300K kernel code, 2483K rwdata, 4320K rodata, 2448K init, 2724K bss, 65412K reserved, 0K cma-reserved)
[    0.000000] SLUB: HWalign=64, Order=0-3, MinObjects=0, CPUs=2, Nodes=1
[    0.000000] Kernel/User page tables isolation: enabled
[    0.000000] ftrace: allocating 39471 entries in 155 pages
[    0.004000] Hierarchical RCU implementation.
[    0.004000] 	RCU restricting CPUs from NR_CPUS=8192 to nr_cpu_ids=2.
[    0.004000] 	Tasks RCU enabled.
[    0.004000] RCU: Adjusting geometry for rcu_fanout_leaf=16, nr_cpu_ids=2
[    0.004000] NR_IRQS: 524544, nr_irqs: 440, preallocated irqs: 16
[    0.004000] Console: colour VGA+ 80x25
[    0.004000] console [tty1] enabled
[    0.004000] console [ttyS0] enabled
[    0.004000] ACPI: Core revision 20170831
[    0.004000] ACPI: 2 ACPI AML tables successfully acquired and loaded
[    0.004000] APIC: Switch to symmetric I/O mode setup
[    0.004000] x2apic enabled
[    0.004000] Switched APIC routing to physical x2apic.
[    0.004000] ..TIMER: vector=0x30 apic1=0 pin1=2 apic2=-1 pin2=-1
[    0.004004] tsc: Detected 1991.998 MHz processor
[    0.004770] Calibrating delay loop (skipped) preset value.. 3983.99 BogoMIPS (lpj=7967992)
[    0.005294] pid_max: default: 32768 minimum: 301
[    0.006016] Security Framework initialized
[    0.006612] Yama: becoming mindful.
[    0.008017] AppArmor: AppArmor initialized
[    0.009180] Dentry cache hash table entries: 131072 (order: 8, 1048576 bytes)
[    0.010212] Inode-cache hash table entries: 65536 (order: 7, 524288 bytes)
[    0.011215] Mount-cache hash table entries: 2048 (order: 2, 16384 bytes)
[    0.012005] Mountpoint-cache hash table entries: 2048 (order: 2, 16384 bytes)
[    0.013365] Last level iTLB entries: 4KB 64, 2MB 8, 4MB 8
[    0.014168] Last level dTLB entries: 4KB 64, 2MB 0, 4MB 0, 1GB 4
[    0.016000] Spectre V1 : Mitigation: usercopy/swapgs barriers and __user pointer sanitization
[    0.016005] Spectre V2 : Mitigation: Full generic retpoline
[    0.016829] Spectre V2 : Spectre v2 / SpectreRSB mitigation: Filling RSB on context switch
[    0.020002] Speculative Store Bypass: Vulnerable
[    0.020781] SRBDS: Unknown: Dependent on hypervisor status
[    0.021562] MDS: Mitigation: Clear CPU buffers
[    0.022404] Freeing SMP alternatives memory: 36K
[    0.134118] smpboot: CPU0: Intel(R) Core(TM) i7-8565U CPU @ 1.80GHz (family: 0x6, model: 0x8e, stepping: 0xc)
[    0.135654] Performance Events: unsupported p6 CPU model 142 no PMU driver, software events only.
[    0.136000] Hierarchical SRCU implementation.
[    0.136000] NMI watchdog: Perf event create on CPU 0 failed with -2
[    0.136002] NMI watchdog: Perf NMI watchdog permanently disabled
[    0.136856] smp: Bringing up secondary CPUs ...
[    0.137483] x86: Booting SMP configuration:
[    0.138026] .... node  #0, CPUs:      #1
[    0.004000] kvm-clock: cpu 1, msr 0:3ff44041, secondary cpu clock
[    0.142162] smp: Brought up 1 node, 2 CPUs
[    0.142162] smpboot: Max logical packages: 1
[    0.142162] smpboot: Total of 2 processors activated (7967.99 BogoMIPS)
[    0.144101] devtmpfs: initialized
[    0.144531] x86/mm: Memory block size: 128MB
[    0.145198] evm: security.selinux
[    0.145726] evm: security.SMACK64
[    0.146235] evm: security.SMACK64EXEC
[    0.146764] evm: security.SMACK64TRANSMUTE
[    0.147342] evm: security.SMACK64MMAP
[    0.148004] evm: security.apparmor
[    0.148529] evm: security.ima
[    0.148986] evm: security.capability
[    0.149554] clocksource: jiffies: mask: 0xffffffff max_cycles: 0xffffffff, max_idle_ns: 7645041785100000 ns
[    0.149554] futex hash table entries: 512 (order: 3, 32768 bytes)
[    0.152040] pinctrl core: initialized pinctrl subsystem
[    0.153239] RTC time: 14:45:51, date: 10/13/21
[    0.153950] NET: Registered protocol family 16
[    0.154792] audit: initializing netlink subsys (disabled)
[    0.155506] audit: type=2000 audit(1634136356.866:1): state=initialized audit_enabled=0 res=1
[    0.156007] cpuidle: using governor ladder
[    0.156566] cpuidle: using governor menu
[    0.157130] ACPI: bus type PCI registered
[    0.157682] acpiphp: ACPI Hot Plug PCI Controller Driver version: 0.5
[    0.158540] PCI: Using configuration type 1 for base access
[    0.160789] HugeTLB registered 2.00 MiB page size, pre-allocated 0 pages
[    0.160878] ACPI: Added _OSI(Module Device)
[    0.160878] ACPI: Added _OSI(Processor Device)
[    0.161381] ACPI: Added _OSI(3.0 _SCP Extensions)
[    0.164004] ACPI: Added _OSI(Processor Aggregator Device)
[    0.164798] ACPI: Added _OSI(Linux-Dell-Video)
[    0.165366] ACPI: Added _OSI(Linux-Lenovo-NV-HDMI-Audio)
[    0.166127] ACPI: Added _OSI(Linux-HPI-Hybrid-Graphics)
[    0.167027] ACPI: Executed 1 blocks of module-level executable AML code
[    0.170401] ACPI: Interpreter enabled
[    0.171105] ACPI: (supports S0 S5)
[    0.172031] ACPI: Using IOAPIC for interrupt routing
[    0.173858] PCI: Using host bridge windows from ACPI; if necessary, use "pci=nocrs" and report a bug
[    0.176134] ACPI: Enabled 2 GPEs in block 00 to 07
[    0.182112] ACPI: PCI Root Bridge [PCI0] (domain 0000 [bus 00-ff])
[    0.182955] acpi PNP0A03:00: _OSC: OS supports [ASPM ClockPM Segments MSI]
[    0.184091] acpi PNP0A03:00: _OSC: not requesting OS control; OS requires [ExtendedConfig ASPM ClockPM MSI]
[    0.185408] acpi PNP0A03:00: fail to add MMCONFIG information, can't access extended PCI configuration space under this bridge.
[    0.187039] PCI host bridge to bus 0000:00
[    0.187585] pci_bus 0000:00: root bus resource [io  0x0000-0x0cf7 window]
[    0.188002] pci_bus 0000:00: root bus resource [io  0x0d00-0xffff window]
[    0.188955] pci_bus 0000:00: root bus resource [mem 0x000a0000-0x000bffff window]
[    0.190304] pci_bus 0000:00: root bus resource [mem 0x40000000-0xfdffffff window]
[    0.191368] pci_bus 0000:00: root bus resource [bus 00-ff]
[    0.193406] pci 0000:00:01.1: legacy IDE quirk: reg 0x10: [io  0x01f0-0x01f7]
[    0.194383] pci 0000:00:01.1: legacy IDE quirk: reg 0x14: [io  0x03f6]
[    0.195299] pci 0000:00:01.1: legacy IDE quirk: reg 0x18: [io  0x0170-0x0177]
[    0.196003] pci 0000:00:01.1: legacy IDE quirk: reg 0x1c: [io  0x0376]
[    0.207459] pci 0000:00:07.0: quirk: [io  0x4000-0x403f] claimed by PIIX4 ACPI
[    0.208018] pci 0000:00:07.0: quirk: [io  0x4100-0x410f] claimed by PIIX4 SMB
[    0.214520] ACPI: PCI Interrupt Link [LNKA] (IRQs 5 9 10 *11)
[    0.215569] ACPI: PCI Interrupt Link [LNKB] (IRQs 5 9 *10 11)
[    0.216083] ACPI: PCI Interrupt Link [LNKC] (IRQs 5 *9 10 11)
[    0.216914] ACPI: PCI Interrupt Link [LNKD] (IRQs 5 9 10 *11)
[    0.217987] SCSI subsystem initialized
[    0.218657] pci 0000:00:02.0: vgaarb: setting as boot VGA device
[    0.218657] pci 0000:00:02.0: vgaarb: VGA device added: decodes=io+mem,owns=io+mem,locks=none
[    0.220004] pci 0000:00:02.0: vgaarb: bridge control possible
[    0.220700] vgaarb: loaded
[    0.221148] ACPI: bus type USB registered
[    0.221711] usbcore: registered new interface driver usbfs
[    0.222415] usbcore: registered new interface driver hub
[    0.224006] usbcore: registered new device driver usb
[    0.224718] EDAC MC: Ver: 3.0.0
[    0.224845] PCI: Using ACPI for IRQ routing
[    0.225006] NetLabel: Initializing
[    0.225620] NetLabel:  domain hash size = 128
[    0.228002] NetLabel:  protocols = UNLABELED CIPSOv4 CALIPSO
[    0.228827] NetLabel:  unlabeled traffic allowed by default
[    0.229706] clocksource: Switched to clocksource kvm-clock
[    0.237180] VFS: Disk quotas dquot_6.6.0
[    0.237920] VFS: Dquot-cache hash table entries: 512 (order 0, 4096 bytes)
[    0.238996] AppArmor: AppArmor Filesystem Enabled
[    0.239705] pnp: PnP ACPI init
[    0.241085] pnp: PnP ACPI: found 3 devices
[    0.248866] clocksource: acpi_pm: mask: 0xffffff max_cycles: 0xffffff, max_idle_ns: 2085701024 ns
[    0.250141] NET: Registered protocol family 2
[    0.251505] IP idents hash table entries: 16384 (order: 5, 131072 bytes)
[    0.252858] TCP established hash table entries: 8192 (order: 4, 65536 bytes)
[    0.255057] TCP bind hash table entries: 8192 (order: 5, 131072 bytes)
[    0.255871] TCP: Hash tables configured (established 8192 bind 8192)
[    0.256736] UDP hash table entries: 512 (order: 2, 16384 bytes)
[    0.257464] UDP-Lite hash table entries: 512 (order: 2, 16384 bytes)
[    0.258272] NET: Registered protocol family 1
[    0.258922] pci 0000:00:00.0: Limiting direct PCI/PCI transfers
[    0.259697] pci 0000:00:01.0: Activating ISA DMA hang workarounds
[    0.260536] pci 0000:00:02.0: Video device with shadowed ROM at [mem 0x000c0000-0x000dffff]
[    0.261998] Unpacking initramfs...
[    0.482562] Freeing initrd memory: 19528K
[    0.483271] clocksource: tsc: mask: 0xffffffffffffffff max_cycles: 0x396d4e5fc9d, max_idle_ns: 881590756024 ns
[    0.484625] platform rtc_cmos: registered platform RTC device (no PNP device found)
[    0.485606] Scanning for low memory corruption every 60 seconds
[    0.487044] Initialise system trusted keyrings
[    0.487722] Key type blacklist registered
[    0.488409] workingset: timestamp_bits=36 max_order=18 bucket_order=0
[    0.490018] zbud: loaded
[    0.490939] squashfs: version 4.0 (2009/01/31) Phillip Lougher
[    0.491944] fuse init (API version 7.26)
[    0.493798] Key type asymmetric registered
[    0.494429] Asymmetric key parser 'x509' registered
[    0.495141] Block layer SCSI generic (bsg) driver version 0.4 loaded (major 246)
[    0.496184] io scheduler noop registered
[    0.496722] io scheduler deadline registered
[    0.497367] io scheduler cfq registered (default)
[    0.498244] ACPI: AC Adapter [AC] (on-line)
[    0.499016] input: Power Button as /devices/LNXSYSTM:00/LNXPWRBN:00/input/input0
[    0.500328] ACPI: Power Button [PWRF]
[    0.500982] input: Sleep Button as /devices/LNXSYSTM:00/LNXSLPBN:00/input/input1
[    0.502096] ACPI: Sleep Button [SLPF]
[    0.503476] ACPI: Battery Slot [BAT0] (battery present)
[    0.504193] Serial: 8250/16550 driver, 32 ports, IRQ sharing enabled
[    0.525669] 00:02: ttyS0 at I/O 0x3f8 (irq = 4, base_baud = 115200) is a 16550A
[    0.528199] Linux agpgart interface v0.103
[    0.529729] loop: module loaded
[    0.530767] scsi host0: ata_piix
[    0.531437] scsi host1: ata_piix
[    0.532154] ata1: PATA max UDMA/33 cmd 0x1f0 ctl 0x3f6 bmdma 0xd000 irq 14
[    0.533127] ata2: PATA max UDMA/33 cmd 0x170 ctl 0x376 bmdma 0xd008 irq 15
[    0.534173] libphy: Fixed MDIO Bus: probed
[    0.534873] tun: Universal TUN/TAP device driver, 1.6
[    0.535641] PPP generic driver version 2.4.2
[    0.536342] ehci_hcd: USB 2.0 'Enhanced' Host Controller (EHCI) Driver
[    0.537220] ehci-pci: EHCI PCI platform driver
[    0.537891] ehci-platform: EHCI generic platform driver
[    0.538665] ohci_hcd: USB 1.1 'Open' Host Controller (OHCI) Driver
[    0.539551] ohci-pci: OHCI PCI platform driver
[    0.540260] ohci-platform: OHCI generic platform driver
[    0.540980] uhci_hcd: USB Universal Host Controller Interface driver
[    0.541864] i8042: PNP: PS/2 Controller [PNP0303:PS2K,PNP0f03:PS2M] at 0x60,0x64 irq 1,12
[    0.543479] serio: i8042 KBD port at 0x60,0x64 irq 1
[    0.544206] serio: i8042 AUX port at 0x60,0x64 irq 12
[    0.545037] mousedev: PS/2 mouse device common for all mice
[    0.546080] input: AT Translated Set 2 keyboard as /devices/platform/i8042/serio0/input/input2
[    0.547641] rtc_cmos rtc_cmos: rtc core: registered rtc_cmos as rtc0
[    0.548614] rtc_cmos rtc_cmos: alarms up to one day, 114 bytes nvram
[    0.549517] i2c /dev entries driver
[    0.550134] device-mapper: uevent: version 1.0.3
[    0.550864] device-mapper: ioctl: 4.37.0-ioctl (2017-09-20) initialised: dm-devel@redhat.com
[    0.552075] ledtrig-cpu: registered to indicate activity on CPUs
[    0.553249] NET: Registered protocol family 10
[    0.557811] Segment Routing with IPv6
[    0.558851] NET: Registered protocol family 17
[    0.559580] Key type dns_resolver registered
[    0.560499] mce: Using 0 MCE banks
[    0.561039] RAS: Correctable Errors collector initialized.
[    0.561806] sched_clock: Marking stable (560422441, 0)->(691083023, -130660582)
[    0.563033] registered taskstats version 1
[    0.563686] Loading compiled-in X.509 certificates
[    0.566225] Loaded X.509 cert 'Build time autogenerated kernel key: bf5768e0b2369bd53acb56866ca104cf5a2c379b'
[    0.567986] Loaded X.509 cert 'Canonical Ltd. Live Patch Signing: 14df34d1a87cf37625abec039ef2bf521249b969'
[    0.569725] Loaded X.509 cert 'Canonical Ltd. Kernel Module Signing: 88f752e560a1e0737e31163a466ad7b70a850c19'
[    0.571059] zswap: loaded using pool lzo/zbud
[    0.574293] Key type big_key registered
[    0.574928] Key type trusted registered
[    0.576869] Key type encrypted registered
[    0.577557] AppArmor: AppArmor sha1 policy hashing enabled
[    0.578522] ima: No TPM chip found, activating TPM-bypass! (rc=-19)
[    0.579428] ima: Allocated hash algorithm: sha1
[    0.580177] evm: HMAC attrs: 0x1
[    0.580946]   Magic number: 9:721:788
[    0.581609] rtc_cmos rtc_cmos: setting system clock to 2021-10-13 14:45:52 UTC (1634136352)
[    0.583020] BIOS EDD facility v0.16 2004-Jun-25, 0 devices found
[    0.583940] EDD information not available.
[    1.177557] Freeing unused kernel image memory: 2448K
[    1.196354] Write protecting the kernel read-only data: 20480k
[    1.199890] Freeing unused kernel image memory: 2008K
[    1.202567] Freeing unused kernel image memory: 1824K
[    1.222631] x86/mm: Checked W+X mappings: passed, no W+X pages found.
[    1.225316] x86/mm: Checking user space page tables
[    1.237027] x86/mm: Checked W+X mappings: passed, no W+X pages found.
Loading, please wait...
starting version 237
[    1.287928] Fusion MPT base driver 3.04.20
[    1.289048] Copyright (c) 1999-2008 LSI Corporation
[    1.291244] e1000: Intel(R) PRO/1000 Network Driver - version 7.3.21-k8-NAPI
[    1.292179] e1000: Copyright (c) 1999-2006 Intel Corporation.
[    1.294779] Fusion MPT SPI Host driver 3.04.20
[    1.300709] mptbase: ioc0: Initiating bringup
[    1.314542] AVX2 version of gcm_enc/dec engaged.
[    1.315277] AES CTR mode by8 optimization enabled
[    1.500407] ioc0: LSI53C1030 A0: Capabilities={Initiator}
[    1.508691] input: ImExPS/2 Generic Explorer Mouse as /devices/platform/i8042/serio1/input/input4
[    4.377061] scsi host2: ioc0: LSI53C1030 A0, FwRev=00000000h, Ports=1, MaxQ=256, IRQ=20
[    6.489854] scsi 2:0:0:0: Direct-Access     VBOX     HARDDISK         1.0  PQ: 0 ANSI: 5
[    6.516071] scsi target2:0:0: Beginning Domain Validation
[    6.519370] scsi target2:0:0: Domain Validation skipping write tests
[    6.521177] scsi target2:0:0: Ending Domain Validation
[    6.522764] scsi target2:0:0: asynchronous
[    6.538144] scsi 2:0:1:0: Direct-Access     VBOX     HARDDISK         1.0  PQ: 0 ANSI: 5
[    6.571554] scsi target2:0:1: Beginning Domain Validation
[    6.596605] random: fast init done
[    6.597315] scsi target2:0:1: Domain Validation skipping write tests
[    6.598190] scsi target2:0:1: Ending Domain Validation
[    6.599008] scsi target2:0:1: asynchronous
[    6.602552] sd 2:0:0:0: [sda] 83886080 512-byte logical blocks: (42.9 GB/40.0 GiB)
[    6.603761] sd 2:0:0:0: [sda] Write Protect is off
[    6.604675] sd 2:0:0:0: [sda] Incomplete mode parameter data
[    6.605542] sd 2:0:0:0: [sda] Assuming drive cache: write through
[    6.606582] random: systemd-udevd: uninitialized urandom read (16 bytes read)
[    6.607597] random: systemd-udevd: uninitialized urandom read (16 bytes read)
[    6.609156] random: systemd-udevd: uninitialized urandom read (16 bytes read)
[    6.610226] sd 2:0:0:0: Attached scsi generic sg0 type 0
[    6.614517] sd 2:0:1:0: [sdb] 20480 512-byte logical blocks: (10.5 MB/10.0 MiB)
[    6.615727] sd 2:0:1:0: Attached scsi generic sg1 type 0
[    6.616765] sd 2:0:1:0: [sdb] Write Protect is off
[    6.617633] sd 2:0:1:0: [sdb] Incomplete mode parameter data
[    6.618580] sd 2:0:1:0: [sdb] Assuming drive cache: write through
[    6.620931]  sda: sda1
[    6.623571] sd 2:0:0:0: [sda] Attached SCSI disk
[    6.625066] sd 2:0:1:0: [sdb] Attached SCSI disk
[    6.852294] e1000 0000:00:03.0 eth0: (PCI:33MHz:32-bit) 02:2f:77:f1:0c:e0
[    6.853504] e1000 0000:00:03.0 eth0: Intel(R) PRO/1000 Network Connection
[    6.855663] e1000 0000:00:03.0 enp0s3: renamed from eth0
Begin: Loading essential drivers ... [    8.274091] raid6: sse2x1   gen() 17074 MB/s
[    8.327780] raid6: sse2x1   xor()  9614 MB/s
[    8.378443] raid6: sse2x2   gen() 18013 MB/s
[    8.434161] raid6: sse2x2   xor() 13642 MB/s
[    8.481740] raid6: sse2x4   gen() 18979 MB/s
[    8.536015] raid6: sse2x4   xor() 12069 MB/s
[    8.595647] raid6: avx2x1   gen() 33762 MB/s
[    8.649497] raid6: avx2x1   xor() 17455 MB/s
[    8.700041] raid6: avx2x2   gen() 30026 MB/s
[    8.759675] raid6: avx2x2   xor() 24833 MB/s
[    8.819825] raid6: avx2x4   gen() 40617 MB/s
[    8.869291] raid6: avx2x4   xor() 20935 MB/s
[    8.869955] raid6: using algorithm avx2x4 gen() 40617 MB/s
[    8.870698] raid6: .... xor() 20935 MB/s, rmw enabled
[    8.871335] raid6: using avx2x2 recovery algorithm
[    8.873417] xor: automatically using best checksumming function   avx       
[    8.875690] async_tx: api initialized (async)
done.
Begin: Running /scripts/init-premount ... done.
Begin: Mounting root file system ... Begin: Running /scripts/local-top ... done.
Begin: Running /scripts/local-premount ... [    8.913364] Btrfs loaded, crc32c=crc32c-intel
Scanning for Btrfs filesystems
done.
Warning: fsck not present, so skipping root file system
[    8.937557] EXT4-fs (sda1): mounted filesystem with ordered data mode. Opts: (null)
done.
Begin: Running /scripts/local-bottom ... done.
Begin: Running /scripts/init-bottom ... done.
[    9.051999] ip_tables: (C) 2000-2006 Netfilter Core Team
[    9.057617] systemd[1]: systemd 237 running in system mode. (+PAM +AUDIT +SELINUX +IMA +APPARMOR +SMACK +SYSVINIT +UTMP +LIBCRYPTSETUP +GCRYPT +GNUTLS +ACL +XZ +LZ4 +SECCOMP +BLKID +ELFUTILS +KMOD -IDN2 +IDN -PCRE2 default-hierarchy=hybrid)
[    9.060410] systemd[1]: Detected virtualization oracle.
[    9.061175] systemd[1]: Detected architecture x86-64.

Welcome to [1mUbuntu 18.04.6 LTS[0m!

[    9.065689] systemd[1]: Set hostname to <ubuntu>.
[    9.068108] systemd[1]: Initializing machine ID from random generator.
[    9.070105] systemd[1]: Installed transient /etc/machine-id file.
[    9.254265] systemd[1]: Reached target System Time Synchronized.
[[0;32m  OK  [0m] Reached target System Time Synchronized.
[    9.256483] systemd[1]: Set up automount Arbitrary Executable File Formats File System Automount Point.
[[0;32m  OK  [0m] Set up automount Arbitrary Executab…rmats File System Automount Point.
[    9.260309] systemd[1]: Created slice System Slice.
[[0;32m  OK  [0m] Created slice System Slice.
[    9.261753] systemd[1]: Listening on Device-mapper event daemon FIFOs.
[[0;32m  OK  [0m] Listening on Device-mapper event daemon FIFOs.
[[0;32m  OK  [0m] Created slice system-serial\x2dgetty.slice.
[[0;32m  OK  [0m] Listening on Journal Socket.
         Mounting POSIX Message Queue File System...
         Starting Uncomplicated firewall...
         Starting Load Kernel Modules...
[[0;32m  OK  [0m] Listening on LVM2 poll daemon socket.
[[0;32m  OK  [0m] Reached target Swap.
[[0;32m  OK  [0m] Reached target User and Group Name Lookups.
         Mounting Kernel Debug File System...
[[0;32m  OK  [0m] Created slice User and Session Slice.
         Starting Set the console keyboard layout...
[[0;32m  OK  [0m] Listening on udev Kernel Socket.
[[0;32m  OK  [0m] Listening on Network Service Netlink Socket.
[[0;32m  OK  [0m] Listening on fsck to fsckd communication Socket.
[[0;32m  OK  [0m] Listening on /dev/initctl Compatibility Named Pipe.
[[0;32m  OK  [0m] Listening on udev Control Socket.
[    9.295213] Loading iSCSI transport class v2.0-870.
         Starting Create list of required st…ce nodes for the current kernel...
         Starting File System Check on Root Device...
[[0;32m  OK  [0m] Started Forward Password Requests to Wall Directory Watch.
         Mounting Huge Pages File System...
[[0;32m  OK  [0m] Listening on Journal Audit Socket.
[    9.303606] iscsi: registered transport (tcp)
[[0;32m  OK  [0m] Reached target Slices.
[[0;32m  OK  [0m] Listening on LVM2 metadata daemon socket.
         Starting Monitoring of LVM2 mirrors…ng dmeventd or progress polling...
[[0;32m  OK  [0m] Listening on Journal Socket (/dev/log).
[[0;32m  OK  [0m] Listening on Syslog Socket.
         Starting Journal Service...
         Starting udev Coldplug all Devices...
[[0;32m  OK  [0m] Mounted POSIX Message Queue File System.
[[0;32m  OK  [0m] Started Uncomplicated firewall.
[[0;32m  OK  [0m] Mounted Kernel Debug File System.
[[0;32m  OK  [0m] Mounted Huge Pages File System.
[[0;32m  OK  [0m] Started Create list of required sta…vice nodes for the current kernel.
         Starting Create Static Device Nodes in /dev...
[[0;32m  OK  [0m] Started File System Check Daemon to report status.
[[0;32m  OK  [0m] Started LVM2 metadata daemon.
[[0;32m  OK  [0m] Started Journal Service.
[    9.401895] iscsi: registered transport (iser)
[[0;32m  OK  [0m] Started Load Kernel Modules.
         Mounting FUSE Control File System...
         Starting Apply Kernel Variables...
         Mounting Kernel Configuration File System...
[[0;32m  OK  [0m] Started udev Coldplug all Devices.
[[0;32m  OK  [0m] Mounted Kernel Configuration File System.
[[0;32m  OK  [0m] Mounted FUSE Control File System.
[[0;32m  OK  [0m] Started Create Static Device Nodes in /dev.
[[0;32m  OK  [0m] Started File System Check on Root Device.
[[0;32m  OK  [0m] Started Monitoring of LVM2 mirrors,…sing dmeventd or progress polling.
[[0;32m  OK  [0m] Started Apply Kernel Variables.
         Starting Remount Root and Kernel File Systems...
[[0;32m  OK  [0m] Started Remount Root and Kernel File Systems.
         Starting udev Kernel Device Manager...
         Starting Flush Journal to Persistent Storage...
         Starting Load/Save Random Seed...
[[0;32m  OK  [0m] Started Set the console keyboard layout.
[[0;32m  OK  [0m] Reached target Local File Systems (Pre).
[[0;32m  OK  [0m] Reached target Local File Systems.
         Starting Commit a transient machine-id on disk...
         Starting Tell Plymouth To Write Out Runtime Data...
         Starting AppArmor initialization...
         Starting Set console font and keymap...
         Starting ebtables ruleset management...
[[0;32m  OK  [0m] Started Load/Save Random Seed.
[[0;32m  OK  [0m] Started udev Kernel Device Manager.
[[0;32m  OK  [0m] Started Dispatch Password Requests to Console Directory Watch.
[[0;32m  OK  [0m] Reached target Local Encrypted Volumes.
[[0;32m  OK  [0m] Started Tell Plymouth To Write Out Runtime Data.
[[0;32m  OK  [0m] Started Set console font and keymap.
[[0;32m  OK  [0m] Started Flush Journal to Persistent Storage.
         Starting Create Volatile Files and Directories...
[[0;32m  OK  [0m] Started Commit a transient machine-id on disk.
[[0;32m  OK  [0m] Started Create Volatile Files and Directories.
         Starting Update UTMP about System Boot/Shutdown...
[[0;32m  OK  [0m] Started Update UTMP about System Boot/Shutdown.
[[0;32m  OK  [0m] Started ebtables ruleset management.
[[0;32m  OK  [0m] Found device /dev/ttyS0.
[[0;32m  OK  [0m] Listening on Load/Save RF Kill Switch Status /dev/rfkill Watch.
[[0;32m  OK  [0m] Started AppArmor initialization.
         Starting Load AppArmor profiles managed internally by snapd...
         Starting Initial cloud-init job (pre-networking)...
[[0;32m  OK  [0m] Started Load AppArmor profiles managed internally by snapd.
[   11.223798] cloud-init[580]: Cloud-init v. 21.2-3-g899bfaa9-0ubuntu2~18.04.1 running 'init-local' at Wed, 13 Oct 2021 14:46:02 +0000. Up 10.96 seconds.
[[0;32m  OK  [0m] Started Initial cloud-init job (pre-networking).
[[0;32m  OK  [0m] Reached target Network (Pre).
         Starting Network Service...
[[0;32m  OK  [0m] Started Network Service.
         Starting Wait for Network to be Configured...
         Starting Network Name Resolution...
[[0;32m  OK  [0m] Started Network Name Resolution.
[[0;32m  OK  [0m] Reached target Network.
[[0;32m  OK  [0m] Reached target Host and Network Name Lookups.
[[0;32m  OK  [0m] Started Wait for Network to be Configured.
         Starting Initial cloud-init job (metadata service crawler)...
[   12.778661] cloud-init[693]: Cloud-init v. 21.2-3-g899bfaa9-0ubuntu2~18.04.1 running 'init' at Wed, 13 Oct 2021 14:46:04 +0000. Up 12.65 seconds.
[   12.780679] cloud-init[693]: ci-info: +++++++++++++++++++++++++++++++++++++Net device info++++++++++++++++++++++++++++++++++++++
[   12.782531] cloud-init[693]: ci-info: +--------+------+---------------------------+---------------+--------+-------------------+
[   12.784100] cloud-init[693]: ci-info: | Device |  Up  |          Address          |      Mask     | Scope  |     Hw-Address    |
[   12.785393] cloud-init[693]: ci-info: +--------+------+---------------------------+---------------+--------+-------------------+
[   12.786701] cloud-init[693]: ci-info: | enp0s3 | True |         10.0.2.15         | 255.255.255.0 | global | 02:2f:77:f1:0c:e0 |
[   12.787896] cloud-init[693]: ci-info: | enp0s3 | True | fe80::2f:77ff:fef1:ce0/64 |       .       |  link  | 02:2f:77:f1:0c:e0 |
[   12.789098] cloud-init[693]: ci-info: |   lo   | True |         127.0.0.1         |   255.0.0.0   |  host  |         .         |
[   12.790197] cloud-init[693]: ci-info: |   lo   | True |          ::1/128          |       .       |  host  |         .         |
[   12.791390] cloud-init[693]: ci-info: +--------+------+---------------------------+---------------+--------+-------------------+
[   12.792632] cloud-init[693]: ci-info: ++++++++++++++++++++++++++++Route IPv4 info+++++++++++++++++++++++++++++
[   12.793735] cloud-init[693]: ci-info: +-------+-------------+----------+-----------------+-----------+-------+
[   12.794746] cloud-init[693]: ci-info: | Route | Destination | Gateway  |     Genmask     | Interface | Flags |
[   12.795718] cloud-init[693]: ci-info: +-------+-------------+----------+-----------------+-----------+-------+
[   12.796716] cloud-init[693]: ci-info: |   0   |   0.0.0.0   | 10.0.2.2 |     0.0.0.0     |   enp0s3  |   UG  |
[   12.797668] cloud-init[693]: ci-info: |   1   |   10.0.2.0  | 0.0.0.0  |  255.255.255.0  |   enp0s3  |   U   |
[   12.798655] cloud-init[693]: ci-info: |   2   |   10.0.2.2  | 0.0.0.0  | 255.255.255.255 |   enp0s3  |   UH  |
[   12.799658] cloud-init[693]: ci-info: +-------+-------------+----------+-----------------+-----------+-------+
[   12.800862] cloud-init[693]: ci-info: +++++++++++++++++++Route IPv6 info+++++++++++++++++++
[   12.803966] cloud-init[693]: ci-info: +-------+-------------+---------+-----------+-------+
[   12.804907] cloud-init[693]: ci-info: | Route | Destination | Gateway | Interface | Flags |
[   12.805854] cloud-init[693]: ci-info: +-------+-------------+---------+-----------+-------+
[   12.806843] cloud-init[693]: ci-info: |   1   |  fe80::/64  |    ::   |   enp0s3  |   U   |
[   12.809386] cloud-init[693]: ci-info: |   3   |    local    |    ::   |   enp0s3  |   U   |
[   12.810823] cloud-init[693]: ci-info: |   4   |   ff00::/8  |    ::   |   enp0s3  |   U   |
[   12.812113] cloud-init[693]: ci-info: +-------+-------------+---------+-----------+-------+
[   13.472922] cloud-init[693]: Generating public/private rsa key pair.
[   13.474858] cloud-init[693]: Your identification has been saved in /etc/ssh/ssh_host_rsa_key.
[   13.475944] cloud-init[693]: Your public key has been saved in /etc/ssh/ssh_host_rsa_key.pub.
[   13.477076] cloud-init[693]: The key fingerprint is:
[   13.477831] cloud-init[693]: SHA256:OjqeXCEV9XeiZ/KevpHvcEc9clQys6UZBImalAiZBEQ root@ubuntu-bionic
[   13.479237] cloud-init[693]: The key's randomart image is:
[   13.480243] cloud-init[693]: +---[RSA 2048]----+
[   13.481080] cloud-init[693]: | oEoo+.o.. ..+* o|
[   13.481847] cloud-init[693]: |    o ..o.. .  X.|
[   13.482697] cloud-init[693]: |      .. o. o =. |
[   13.483930] cloud-init[693]: |     .  o  o o. .|
[   13.485251] cloud-init[693]: |    . . S o o. oo|
[   13.486512] cloud-init[693]: |     . o   = .o..|
[   13.487286] cloud-init[693]: |      +     = . .|
[   13.488087] cloud-init[693]: |   ..+ .   . * . |
[   13.488821] cloud-init[693]: |   .=.     .=oo  |
[   13.489464] cloud-init[693]: +----[SHA256]-----+
[   13.490148] cloud-init[693]: Generating public/private dsa key pair.
[   13.491099] cloud-init[693]: Your identification has been saved in /etc/ssh/ssh_host_dsa_key.
[   13.492314] cloud-init[693]: Your public key has been saved in /etc/ssh/ssh_host_dsa_key.pub.
[   13.493515] cloud-init[693]: The key fingerprint is:
[   13.494316] cloud-init[693]: SHA256:pm/NSPRAmwH89/6NCFHcy6Vfh0Q7TzBS/v1KNrtScb0 root@ubuntu-bionic
[   13.495581] cloud-init[693]: The key's randomart image is:
[   13.496369] cloud-init[693]: +---[DSA 1024]----+
[   13.497061] cloud-init[693]: |     ...    ..=  |
[   13.497753] cloud-init[693]: |      . o  . = + |
[   13.498486] cloud-init[693]: |       o +  o * +|
[   13.499148] cloud-init[693]: |        * .. o.X+|
[   13.499752] cloud-init[693]: |       .S+..  =oB|
[   13.500413] cloud-init[693]: |       o. ... .E+|
[   13.501185] cloud-init[693]: |      .. +.. .+ o|
[   13.501965] cloud-init[693]: |       .o o.o+ * |
[   13.502633] cloud-init[693]: |       ..   .o*..|
[   13.503272] cloud-init[693]: +----[SHA256]-----+
[   13.503914] cloud-init[693]: Generating public/private ecdsa key pair.
[   13.504777] cloud-init[693]: Your identification has been saved in /etc/ssh/ssh_host_ecdsa_key.
[   13.505736] cloud-init[693]: Your public key has been saved in /etc/ssh/ssh_host_ecdsa_key.pub.
[   13.507001] cloud-init[693]: The key fingerprint is:
[   13.507676] cloud-init[693]: SHA256:gSrq1QKJ20VA0MDRaMft57nvonno9gsGwqVwzL7eA+0 root@ubuntu-bionic
[   13.508730] cloud-init[693]: The key's randomart image is:
[   13.509384] cloud-init[693]: +---[ECDSA 256]---+
[   13.510046] cloud-init[693]: |+*B .            |
[   13.510687] cloud-init[693]: | *.= . .         |
[   13.511317] cloud-init[693]: |o =.o . .        |
[   13.511949] cloud-init[693]: |+o+. o . .       |
[   13.512679] cloud-init[693]: |.*ooo o S        |
[   13.513314] cloud-init[693]: | ++++  o         |
[   13.513941] cloud-init[693]: |o o= +. .        |
[   13.514756] cloud-init[693]: |....Eoo+         |
[   13.515859] cloud-init[693]: | .. +=+o=o       |
[   13.516996] cloud-init[693]: +----[SHA256]-----+
[   13.518161] cloud-init[693]: Generating public/private ed25519 key pair.
[   13.519213] cloud-init[693]: Your identification has been saved in /etc/ssh/ssh_host_ed25519_key.
[   13.520454] cloud-init[693]: Your public key has been saved in /etc/ssh/ssh_host_ed25519_key.pub.
[   13.521854] cloud-init[693]: The key fingerprint is:
[   13.522716] cloud-init[693]: SHA256:oGd4GRpQMqJL4qmykWSnhJg4ExuMIIhUy42lNUVo0bQ root@ubuntu-bionic
[   13.523995] cloud-init[693]: The key's randomart image is:
[   13.525065] cloud-init[693]: +--[ED25519 256]--+
[[   13.526883] cloud-init[693]: |B.=o.=B+         |
[   13.526990] cloud-init[693]: |O..+Bo...        |
[0;32m  OK  [0m] Started Initial cloud-init job (metadata service crawler).
[   13.527231] cloud-init[693]: |*o =o.oE         |
[   13.527578] cloud-init[693]: |B*.  = +         |
[   13.527905] cloud-init[693]: |X* .+ = S        |
[   13.528410] cloud-init[693]: |=+o  +           |
[   13.528750] cloud-init[693]: |=.               |
[   13.529060] cloud-init[693]: |.o               |
[   13.529406] cloud-init[693]: |.                |
[   13.529719] cloud-init[693]: +----[SHA256]-----+
[[0;32m  OK  [0m] Reached target Network is Online.
         Starting Availability of block devices...
[[0;32m  OK  [0m] Reached target Remote File Systems (Pre).
[[0;32m  OK  [0m] Reached target Remote File Systems.
[[0;32m  OK  [0m] Reached target System Initialization.
[[0;32m  OK  [0m] Started ACPI Events Check.
[[0;32m  OK  [0m] Reached target Paths.
[[0;32m  OK  [0m] Listening on Open-iSCSI iscsid Socket.
[[0;32m  OK  [0m] Started Message of the Day.
[[0;32m  OK  [0m] Started Ubuntu Advantage update messaging.
         Starting LXD - unix socket.
[[0;32m  OK  [0m] Started Daily apt download activities.
[[0;32m  OK  [0m] Started Daily apt upgrade and clean activities.
[[0;32m  OK  [0m] Listening on D-Bus System Message Bus Socket.
[[0;32m  OK  [0m] Started Daily Cleanup of Temporary Directories.
[[0;32m  OK  [0m] Listening on ACPID Listen Socket.
[[0;32m  OK  [0m] Started Discard unused blocks once a week.
[[0;32m  OK  [0m] Reached target Timers.
         Starting Socket activation for snappy daemon.
[[0;32m  OK  [0m] Listening on UUID daemon activation socket.
[[0;32m  OK  [0m] Reached target Cloud-config availability.
[[0;32m  OK  [0m] Listening on LXD - unix socket.
[[0;32m  OK  [0m] Listening on Socket activation for snappy daemon.
[[0;32m  OK  [0m] Reached target Sockets.
[[0;32m  OK  [0m] Reached target Basic System.
         Starting System Logging Service...
         Starting LSB: Record successful boot for GRUB...
         Starting Pollinate to seed the pseudo random number generator...
         Starting Dispatcher daemon for systemd-networkd...
[[0;32m  OK  [0m] Started FUSE filesystem for LXC.
         Starting LSB: automatic crash report generation...
         Starting Accounts Service...
[[0;32m  OK  [0m] Started D-Bus System Message Bus.
         Starting Virtualbox guest utils...
         Starting Permit User Sessions...
[[0;32m  OK  [0m] Started irqbalance daemon.
[[0;32m  OK  [0m] Started Deferred execution scheduler.
[[0;32m  OK  [0m] Started Regular background program processing daemon.
         Starting Snap Daemon...
         Starting Login Service...
         Starting LXD - container startup/shutdown...
[[0;32m  OK  [0m] Started System Logging Service.
[[0;32m  OK  [0m] Started Availability of block devices.
[[0;32m  OK  [0m] Started Permit User Sessions.
         Starting Authorization Manager...
         Starting Hold until boot process finishes up...
         Starting Terminate Plymouth Boot Screen...
[[0;32m  OK  [0m] Started Login Service.
[[0;32m  OK  [0m] Started Unattended Upgrades Shutdown.
[[0;32m  OK  [0m] Started Hold until boot process finishes up.
[[0;32m  OK  [0m] Started Serial Getty on ttyS0.
         Starting Set console scheme...
[[0;32m  OK  [0m] Started Terminate Plymouth Boot Screen.
[[0;32m  OK  [0m] Started Authorization Manager.
[[0;32m  OK  [0m] Started Accounts Service.
[[0;32m  OK  [0m] Started Set console scheme.
[[0;32m  OK  [0m] Created slice system-getty.slice.
[[0;32m  OK  [0m] Started Getty on tty1.
[[0;32m  OK  [0m] Reached target Login Prompts.
[[0;32m  OK  [0m] Started LSB: automatic crash report generation.
[[0;32m  OK  [0m] Started LXD - container startup/shutdown.
[[0;32m  OK  [0m] Started LSB: Record successful boot for GRUB.
[[0;32m  OK  [0m] Started Virtualbox guest utils.
[[0;32m  OK  [0m] Started Dispatcher daemon for systemd-networkd.
[[0;32m  OK  [0m] Started Snap Daemon.
         Starting Wait until snapd is fully seeded...
[[0;32m  OK  [0m] Started Pollinate to seed the pseudo random number generator.
         Starting OpenBSD Secure Shell server...
[[0;32m  OK  [0m] Started OpenBSD Secure Shell server.
[[0;32m  OK  [0m] Created slice User Slice of vagrant.
         Starting User Manager for UID 1000...
[[0;32m  OK  [0m] Started Session 1 of user vagrant.
[[0;32m  OK  [0m] Started User Manager for UID 1000.
[[0;32m  OK  [0m] Started Wait until snapd is fully seeded.
[[0;32m  OK  [0m] Reached target Multi-User System.
[[0;32m  OK  [0m] Reached target Graphical Interface.
         Starting Update UTMP about System Runlevel Changes...
         Starting Apply the settings specified in cloud-config...
[[0;32m  OK  [0m] Started Update UTMP about System Runlevel Changes.
[   17.125648] cloud-init[1281]: Cloud-init v. 21.2-3-g899bfaa9-0ubuntu2~18.04.1 running 'modules:config' at Wed, 13 Oct 2021 14:46:08 +0000. Up 16.37 seconds.
[[0;32m  OK  [0m] Started Apply the settings specified in cloud-config.
         Starting Execute cloud user/final scripts...
ci-info: no authorized SSH keys fingerprints found for user ubuntu.
<14>Oct 13 14:46:09 cloud-init: #############################################################
<14>Oct 13 14:46:09 cloud-init: -----BEGIN SSH HOST KEY FINGERPRINTS-----
<14>Oct 13 14:46:09 cloud-init: 1024 SHA256:pm/NSPRAmwH89/6NCFHcy6Vfh0Q7TzBS/v1KNrtScb0 root@ubuntu-bionic (DSA)
<14>Oct 13 14:46:09 cloud-init: 256 SHA256:gSrq1QKJ20VA0MDRaMft57nvonno9gsGwqVwzL7eA+0 root@ubuntu-bionic (ECDSA)
<14>Oct 13 14:46:09 cloud-init: 256 SHA256:oGd4GRpQMqJL4qmykWSnhJg4ExuMIIhUy42lNUVo0bQ root@ubuntu-bionic (ED25519)
<14>Oct 13 14:46:09 cloud-init: 2048 SHA256:OjqeXCEV9XeiZ/KevpHvcEc9clQys6UZBImalAiZBEQ root@ubuntu-bionic (RSA)
<14>Oct 13 14:46:09 cloud-init: -----END SSH HOST KEY FINGERPRINTS-----
<14>Oct 13 14:46:09 cloud-init: #############################################################
-----BEGIN SSH HOST KEY KEYS-----
ecdsa-sha2-nistp256 AAAAE2VjZHNhLXNoYTItbmlzdHAyNTYAAAAIbmlzdHAyNTYAAABBBEt/wnOIZwFkXRZr76R40RQdkX7/WX/jWNr/BUpLSffhVakQPBpDkToV5HzvQCpzLiEDeuvKItymv2nUxUAV9/k= root@ubuntu-bionic
ssh-ed25519 AAAAC3NzaC1lZDI1NTE5AAAAIKmIVs1Y539y+ka+7vvWg6833oCG/YIZ9jY3oZfKi7OS root@ubuntu-bionic
ssh-rsa AAAAB3NzaC1yc2EAAAADAQABAAABAQC0BNkPSUfbtB/8KHWcTehcxCdFYD3RqZH9uj/Rh50RF7WUfQo+AaUxhlRcIfFQbCeJabVvxHPescRhfuSiTHe9fF8yHA6KLWi6xt7nV15r+VJb7ItyyVaVUHOOEzAsVCGdbrpZxe0jZvr+ppRCltBZAU5mI3dfZTiX9F2z8abFPOnBqRdAWX9yfF8BjSyKv37Dqz9Tz0e1qKxO501vW64pGhVB6MZsn3X7P9QoWKIdjuRG/qLKKMAdxHCNw7K92qdzM0l8GTW2T5vV1EpKLIqIqKYpmCsrozIqeuznS/Kp22qLyqj/FeFRXXt4zp7Ck/AmrCHOrYP7/Guy1RuLVql7 root@ubuntu-bionic
-----END SSH HOST KEY KEYS-----
[   17.739987] cloud-init[1389]: Cloud-init v. 21.2-3-g899bfaa9-0ubuntu2~18.04.1 running 'modules:final' at Wed, 13 Oct 2021 14:46:09 +0000. Up 17.52 seconds.
[   17.742674] cloud-init[1389]: ci-info: no authorized SSH keys fingerprints found for user ubuntu.
[   17.744412] cloud-init[1389]: Cloud-init v. 21.2-3-g899bfaa9-0ubuntu2~18.04.1 finished at Wed, 13 Oct 2021 14:46:09 +0000. Datasource DataSourceNoCloud [seed=/dev/sdb][dsmode=net].  Up 17.72 seconds
[[0;32m  OK  [0m] Started Execute cloud user/final scripts.
[[0;32m  OK  [0m] Reached target Cloud-init target.

Ubuntu 18.04.6 LTS ubuntu-bionic ttyS0

ubuntu-bionic login: 